[0.591s] Invoking command in '/home/ubuntu/ros2_ws/src/arc_workshop': PYTHONPATH=/home/ubuntu/ros2_ws/build/arc_workshop/prefix_override:/usr/lib/python3/dist-packages/colcon_core/task/python/colcon_distutils_commands:/home/ubuntu/ros2_ws/install/arc_workshop/lib/python3.10/site-packages:${PYTHONPATH} /usr/bin/python3 -W ignore:setup.py install is deprecated -W ignore:easy_install command is deprecated setup.py egg_info --egg-base ../../build/arc_workshop build --build-base /home/ubuntu/ros2_ws/build/arc_workshop/build install --record /home/ubuntu/ros2_ws/build/arc_workshop/install.log --single-version-externally-managed install_data
[0.812s] running egg_info
[0.812s] writing ../../build/arc_workshop/arc_workshop.egg-info/PKG-INFO
[0.813s] writing dependency_links to ../../build/arc_workshop/arc_workshop.egg-info/dependency_links.txt
[0.813s] writing entry points to ../../build/arc_workshop/arc_workshop.egg-info/entry_points.txt
[0.813s] writing requirements to ../../build/arc_workshop/arc_workshop.egg-info/requires.txt
[0.814s] writing top-level names to ../../build/arc_workshop/arc_workshop.egg-info/top_level.txt
[0.816s] reading manifest file '../../build/arc_workshop/arc_workshop.egg-info/SOURCES.txt'
[0.817s] writing manifest file '../../build/arc_workshop/arc_workshop.egg-info/SOURCES.txt'
[0.817s] running build
[0.818s] running build_py
[0.818s] copying arc_workshop/scan_direction_reader.py -> /home/ubuntu/ros2_ws/build/arc_workshop/build/lib/arc_workshop
[0.818s] copying arc_workshop/cmd_vel_reader.py -> /home/ubuntu/ros2_ws/build/arc_workshop/build/lib/arc_workshop
[0.820s] running install
[0.820s] running install_lib
[0.821s] copying /home/ubuntu/ros2_ws/build/arc_workshop/build/lib/arc_workshop/scan_direction_reader.py -> /home/ubuntu/ros2_ws/install/arc_workshop/lib/python3.10/site-packages/arc_workshop
[0.821s] copying /home/ubuntu/ros2_ws/build/arc_workshop/build/lib/arc_workshop/cmd_vel_reader.py -> /home/ubuntu/ros2_ws/install/arc_workshop/lib/python3.10/site-packages/arc_workshop
[0.823s] byte-compiling /home/ubuntu/ros2_ws/install/arc_workshop/lib/python3.10/site-packages/arc_workshop/scan_direction_reader.py to scan_direction_reader.cpython-310.pyc
[0.826s] byte-compiling /home/ubuntu/ros2_ws/install/arc_workshop/lib/python3.10/site-packages/arc_workshop/cmd_vel_reader.py to cmd_vel_reader.cpython-310.pyc
[0.828s] running install_data
[0.828s] running install_egg_info
[0.829s] removing '/home/ubuntu/ros2_ws/install/arc_workshop/lib/python3.10/site-packages/arc_workshop-0.0.1-py3.10.egg-info' (and everything under it)
[0.829s] Copying ../../build/arc_workshop/arc_workshop.egg-info to /home/ubuntu/ros2_ws/install/arc_workshop/lib/python3.10/site-packages/arc_workshop-0.0.1-py3.10.egg-info
[0.835s] running install_scripts
[0.855s] Installing cmd_vel_reader script to /home/ubuntu/ros2_ws/install/arc_workshop/lib/arc_workshop
[0.855s] Installing scan_direction_reader script to /home/ubuntu/ros2_ws/install/arc_workshop/lib/arc_workshop
[0.856s] Installing stop_on_obstacle script to /home/ubuntu/ros2_ws/install/arc_workshop/lib/arc_workshop
[0.856s] writing list of installed files to '/home/ubuntu/ros2_ws/build/arc_workshop/install.log'
[0.873s] Invoked command in '/home/ubuntu/ros2_ws/src/arc_workshop' returned '0': PYTHONPATH=/home/ubuntu/ros2_ws/build/arc_workshop/prefix_override:/usr/lib/python3/dist-packages/colcon_core/task/python/colcon_distutils_commands:/home/ubuntu/ros2_ws/install/arc_workshop/lib/python3.10/site-packages:${PYTHONPATH} /usr/bin/python3 -W ignore:setup.py install is deprecated -W ignore:easy_install command is deprecated setup.py egg_info --egg-base ../../build/arc_workshop build --build-base /home/ubuntu/ros2_ws/build/arc_workshop/build install --record /home/ubuntu/ros2_ws/build/arc_workshop/install.log --single-version-externally-managed install_data
