/home/ubuntu/ros2_ws/install/arc_workshop/lib/python3.10/site-packages/arc_workshop/__init__.py
/home/ubuntu/ros2_ws/install/arc_workshop/lib/python3.10/site-packages/arc_workshop/scan_direction_reader.py
/home/ubuntu/ros2_ws/install/arc_workshop/lib/python3.10/site-packages/arc_workshop/stop_on_obstacle.py
/home/ubuntu/ros2_ws/install/arc_workshop/lib/python3.10/site-packages/arc_workshop/cmd_vel_reader.py
/home/ubuntu/ros2_ws/install/arc_workshop/lib/python3.10/site-packages/arc_workshop/__pycache__/__init__.cpython-310.pyc
/home/ubuntu/ros2_ws/install/arc_workshop/lib/python3.10/site-packages/arc_workshop/__pycache__/scan_direction_reader.cpython-310.pyc
/home/ubuntu/ros2_ws/install/arc_workshop/lib/python3.10/site-packages/arc_workshop/__pycache__/stop_on_obstacle.cpython-310.pyc
/home/ubuntu/ros2_ws/install/arc_workshop/lib/python3.10/site-packages/arc_workshop/__pycache__/cmd_vel_reader.cpython-310.pyc
/home/ubuntu/ros2_ws/install/arc_workshop/share/ament_index/resource_index/packages/arc_workshop
/home/ubuntu/ros2_ws/install/arc_workshop/share/arc_workshop/package.xml
/home/ubuntu/ros2_ws/install/arc_workshop/lib/python3.10/site-packages/arc_workshop-0.0.1-py3.10.egg-info/PKG-INFO
/home/ubuntu/ros2_ws/install/arc_workshop/lib/python3.10/site-packages/arc_workshop-0.0.1-py3.10.egg-info/zip-safe
/home/ubuntu/ros2_ws/install/arc_workshop/lib/python3.10/site-packages/arc_workshop-0.0.1-py3.10.egg-info/SOURCES.txt
/home/ubuntu/ros2_ws/install/arc_workshop/lib/python3.10/site-packages/arc_workshop-0.0.1-py3.10.egg-info/entry_points.txt
/home/ubuntu/ros2_ws/install/arc_workshop/lib/python3.10/site-packages/arc_workshop-0.0.1-py3.10.egg-info/requires.txt
/home/ubuntu/ros2_ws/install/arc_workshop/lib/python3.10/site-packages/arc_workshop-0.0.1-py3.10.egg-info/top_level.txt
/home/ubuntu/ros2_ws/install/arc_workshop/lib/python3.10/site-packages/arc_workshop-0.0.1-py3.10.egg-info/dependency_links.txt
/home/ubuntu/ros2_ws/install/arc_workshop/lib/arc_workshop/cmd_vel_reader
/home/ubuntu/ros2_ws/install/arc_workshop/lib/arc_workshop/scan_direction_reader
/home/ubuntu/ros2_ws/install/arc_workshop/lib/arc_workshop/stop_on_obstacle
