running egg_info
writing ../../build/arc_workshop/arc_workshop.egg-info/PKG-INFO
writing dependency_links to ../../build/arc_workshop/arc_workshop.egg-info/dependency_links.txt
writing entry points to ../../build/arc_workshop/arc_workshop.egg-info/entry_points.txt
writing requirements to ../../build/arc_workshop/arc_workshop.egg-info/requires.txt
writing top-level names to ../../build/arc_workshop/arc_workshop.egg-info/top_level.txt
reading manifest file '../../build/arc_workshop/arc_workshop.egg-info/SOURCES.txt'
writing manifest file '../../build/arc_workshop/arc_workshop.egg-info/SOURCES.txt'
running build
running build_py
running install
running install_lib
byte-compiling /home/ubuntu/ros2_ws/install/arc_workshop/lib/python3.10/site-packages/arc_workshop/scan_direction_reader.py to scan_direction_reader.cpython-310.pyc
byte-compiling /home/ubuntu/ros2_ws/install/arc_workshop/lib/python3.10/site-packages/arc_workshop/cmd_vel_reader.py to cmd_vel_reader.cpython-310.pyc
running install_data
running install_egg_info
removing '/home/ubuntu/ros2_ws/install/arc_workshop/lib/python3.10/site-packages/arc_workshop-0.0.1-py3.10.egg-info' (and everything under it)
Copying ../../build/arc_workshop/arc_workshop.egg-info to /home/ubuntu/ros2_ws/install/arc_workshop/lib/python3.10/site-packages/arc_workshop-0.0.1-py3.10.egg-info
running install_scripts
Installing cmd_vel_reader script to /home/ubuntu/ros2_ws/install/arc_workshop/lib/arc_workshop
Installing scan_direction_reader script to /home/ubuntu/ros2_ws/install/arc_workshop/lib/arc_workshop
Installing stop_on_obstacle script to /home/ubuntu/ros2_ws/install/arc_workshop/lib/arc_workshop
writing list of installed files to '/home/ubuntu/ros2_ws/build/arc_workshop/install.log'
